<?xml version="1.0" encoding="UTF-8"?>
<testng-results skipped="0" failed="0" total="4" passed="4">
  <reporter-output>
  </reporter-output>
  <suite name="Default suite" duration-ms="12457" started-at="2016-09-27T19:31:02Z" finished-at="2016-09-27T19:31:14Z">
    <groups>
    </groups>
    <test name="Default test" duration-ms="12457" started-at="2016-09-27T19:31:02Z" finished-at="2016-09-27T19:31:14Z">
      <class name="com.example.tests.TestBase">
        <test-method status="PASS" signature="setUp()[pri:0, instance:com.example.tests.TestBase@1810399e]" name="setUp" is-config="true" duration-ms="5292" started-at="2016-09-27T22:31:02Z" finished-at="2016-09-27T22:31:07Z">
          <reporter-output>
          </reporter-output>
        </test-method> <!-- setUp -->
        <test-method status="PASS" signature="tearDown()[pri:0, instance:com.example.tests.TestBase@1810399e]" name="tearDown" is-config="true" duration-ms="599" started-at="2016-09-27T22:31:13Z" finished-at="2016-09-27T22:31:14Z">
          <reporter-output>
          </reporter-output>
        </test-method> <!-- tearDown -->
      </class> <!-- com.example.tests.TestBase -->
      <class name="com.example.tests.AlsoGroupCreationTests">
        <test-method status="PASS" signature="testEmptyGroupGreation()[pri:0, instance:com.example.tests.AlsoGroupCreationTests@215be6bb]" name="testEmptyGroupGreation" duration-ms="1310" started-at="2016-09-27T22:31:11Z" finished-at="2016-09-27T22:31:12Z">
          <reporter-output>
          </reporter-output>
        </test-method> <!-- testEmptyGroupGreation -->
        <test-method status="PASS" signature="testNonEmptyGroupGreation()[pri:0, instance:com.example.tests.AlsoGroupCreationTests@215be6bb]" name="testNonEmptyGroupGreation" duration-ms="1437" started-at="2016-09-27T22:31:12Z" finished-at="2016-09-27T22:31:13Z">
          <reporter-output>
          </reporter-output>
        </test-method> <!-- testNonEmptyGroupGreation -->
      </class> <!-- com.example.tests.AlsoGroupCreationTests -->
      <class name="com.example.tests.GroupCreationTests">
        <test-method status="PASS" signature="testEmptyGroupGreation()[pri:0, instance:com.example.tests.GroupCreationTests@32d992b2]" name="testEmptyGroupGreation" duration-ms="2021" started-at="2016-09-27T22:31:07Z" finished-at="2016-09-27T22:31:09Z">
          <reporter-output>
          </reporter-output>
        </test-method> <!-- testEmptyGroupGreation -->
        <test-method status="PASS" signature="testNonEmptyGroupGreation()[pri:0, instance:com.example.tests.GroupCreationTests@32d992b2]" name="testNonEmptyGroupGreation" duration-ms="1769" started-at="2016-09-27T22:31:09Z" finished-at="2016-09-27T22:31:11Z">
          <reporter-output>
          </reporter-output>
        </test-method> <!-- testNonEmptyGroupGreation -->
      </class> <!-- com.example.tests.GroupCreationTests -->
    </test> <!-- Default test -->
  </suite> <!-- Default suite -->
</testng-results>
