<?xml version="1.0" encoding="UTF-8"?>
<!-- Generated by org.testng.reporters.JUnitXMLReporter -->
<testsuite hostname="SuperDell" name="Default test" tests="4" failures="0" timestamp="27 Sep 2016 19:31:14 GMT" time="12.457" errors="0">
  <testcase name="testEmptyGroupGreation" time="2.021" classname="com.example.tests.GroupCreationTests"/>
  <testcase name="testNonEmptyGroupGreation" time="1.769" classname="com.example.tests.GroupCreationTests"/>
  <testcase name="testEmptyGroupGreation" time="1.31" classname="com.example.tests.AlsoGroupCreationTests"/>
  <testcase name="testNonEmptyGroupGreation" time="1.437" classname="com.example.tests.AlsoGroupCreationTests"/>
</testsuite> <!-- Default test -->
